<?xml version="1.0" encoding="UTF-8"?>
<!-- Generated by org.testng.reporters.JUnitXMLReporter -->
<testsuite hostname="DESKTOP-J8OAB9K" ignored="0" name="Test" tests="7" failures="0" timestamp="23 Sep 2020 19:47:26 GMT" time="71.369" errors="0">
  <testcase name="goToLogInPageTest" time="1.291" classname="com.yourlogo.testcases.LoginPageTest"/>
  <testcase name="checkAccountPageTest" time="2.502" classname="com.yourlogo.testcases.AlreadyAccountPageTest"/>
  <testcase name="addOneItemToCartTest" time="2.276" classname="com.yourlogo.testcases.AddToCartPageTest"/>
  <testcase name="BlankUnPwTest" time="1.81" classname="com.yourlogo.testcases.AlreadyAccountPageTest"/>
  <testcase name="clickCheckOutTest" time="2.379" classname="com.yourlogo.testcases.AddToCartPageTest"/>
  <testcase name="WrongUnPwTest" time="1.934" classname="com.yourlogo.testcases.AlreadyAccountPageTest"/>
  <testcase name="signInTest" time="2.199" classname="com.yourlogo.testcases.AlreadyAccountPageTest"/>
</testsuite> <!-- Test -->
