<?xml version="1.0" encoding="UTF-8"?>
<!-- Generated by org.testng.reporters.JUnitXMLReporter -->
<testsuite hostname="DESKTOP-J8OAB9K" ignored="0" name="Test" tests="7" failures="0" timestamp="16 Sep 2020 20:22:05 GMT" time="77.034" errors="0">
  <testcase name="goToLogInPageTest" time="1.132" classname="com.yourlogo.testcases.LoginPageTest"/>
  <testcase name="checkAccountPageTest" time="2.279" classname="com.yourlogo.testcases.AlreadyAccountPageTest"/>
  <testcase name="addOneItemToCartTest" time="2.215" classname="com.yourlogo.testcases.AddToCartPageTest"/>
  <testcase name="BlankUnPwTest" time="1.151" classname="com.yourlogo.testcases.AlreadyAccountPageTest"/>
  <testcase name="clickCheckOutTest" time="1.795" classname="com.yourlogo.testcases.AddToCartPageTest"/>
  <testcase name="WrongUnPwTest" time="1.286" classname="com.yourlogo.testcases.AlreadyAccountPageTest"/>
  <testcase name="signInTest" time="2.113" classname="com.yourlogo.testcases.AlreadyAccountPageTest"/>
</testsuite> <!-- Test -->
