<?xml version="1.0" encoding="UTF-8"?>
<!-- Generated by org.testng.reporters.JUnitXMLReporter -->
<testsuite hostname="DESKTOP-J8OAB9K" ignored="0" name="Default test" tests="2" failures="0" timestamp="16 Sep 2020 14:15:51 GMT" time="25.08" errors="0">
  <testcase name="addOneItemToCartTest" time="2.248" classname="com.yourlogo.testcases.AddToCartPageTest"/>
  <testcase name="clickCheckOutTest" time="3.043" classname="com.yourlogo.testcases.AddToCartPageTest"/>
</testsuite> <!-- Default test -->
