<?xml version="1.0" encoding="UTF-8"?>
<!-- Generated by org.testng.reporters.JUnitXMLReporter -->
<testsuite hostname="DESKTOP-J8OAB9K" ignored="0" name="Command line test" tests="3" failures="0" timestamp="24 Sep 2020 20:49:01 GMT" time="24.056" errors="0">
  <testcase name="goToLogInPageTest" time="1.096" classname="com.yourlogo.testcases.LoginPageTest"/>
  <testcase name="test" time="0.001" classname="com.yourlogo.testcases.MyAccountPageTest"/>
  <testcase name="addOneItemToCartTest" time="2.277" classname="com.yourlogo.testcases.AddToCartPageTest"/>
</testsuite> <!-- Command line test -->
