<?xml version="1.0" encoding="UTF-8"?>
<testng-results skipped="0" failed="0" ignored="0" total="7" passed="7">
  <reporter-output>
  </reporter-output>
  <suite name="Suiterunner" duration-ms="71369" started-at="2020-09-23T19:46:15Z" finished-at="2020-09-23T19:47:26Z">
    <groups>
    </groups>
    <test name="Test" duration-ms="71369" started-at="2020-09-23T19:46:15Z" finished-at="2020-09-23T19:47:26Z">
      <class name="com.yourlogo.testcases.LoginPageTest">
        <test-method status="PASS" signature="setUp()[pri:0, instance:com.yourlogo.testcases.LoginPageTest@3c0ecd4b]" name="setUp" is-config="true" duration-ms="6794" started-at="2020-09-23T19:46:15Z" finished-at="2020-09-23T19:46:22Z">
          <reporter-output>
          </reporter-output>
        </test-method> <!-- setUp -->
        <test-method status="PASS" signature="goToLogInPageTest()[pri:0, instance:com.yourlogo.testcases.LoginPageTest@3c0ecd4b]" name="goToLogInPageTest" duration-ms="1291" started-at="2020-09-23T19:46:22Z" finished-at="2020-09-23T19:46:23Z">
          <reporter-output>
          </reporter-output>
        </test-method> <!-- goToLogInPageTest -->
        <test-method status="PASS" signature="tearDown()[pri:0, instance:com.yourlogo.testcases.LoginPageTest@3c0ecd4b]" name="tearDown" is-config="true" duration-ms="770" started-at="2020-09-23T19:46:23Z" finished-at="2020-09-23T19:46:24Z">
          <reporter-output>
          </reporter-output>
        </test-method> <!-- tearDown -->
      </class> <!-- com.yourlogo.testcases.LoginPageTest -->
      <class name="com.yourlogo.testcases.AddToCartPageTest">
        <test-method status="PASS" signature="setUp()[pri:0, instance:com.yourlogo.testcases.AddToCartPageTest@5f341870]" name="setUp" is-config="true" duration-ms="5968" started-at="2020-09-23T19:46:34Z" finished-at="2020-09-23T19:46:40Z">
          <reporter-output>
          </reporter-output>
        </test-method> <!-- setUp -->
        <test-method status="PASS" signature="addOneItemToCartTest()[pri:1, instance:com.yourlogo.testcases.AddToCartPageTest@5f341870]" name="addOneItemToCartTest" duration-ms="2276" started-at="2020-09-23T19:46:40Z" finished-at="2020-09-23T19:46:42Z">
          <reporter-output>
          </reporter-output>
        </test-method> <!-- addOneItemToCartTest -->
        <test-method status="PASS" signature="tearDown()[pri:0, instance:com.yourlogo.testcases.AddToCartPageTest@5f341870]" name="tearDown" is-config="true" duration-ms="762" started-at="2020-09-23T19:46:42Z" finished-at="2020-09-23T19:46:43Z">
          <reporter-output>
          </reporter-output>
        </test-method> <!-- tearDown -->
        <test-method status="PASS" signature="setUp()[pri:0, instance:com.yourlogo.testcases.AddToCartPageTest@5f341870]" name="setUp" is-config="true" duration-ms="7511" started-at="2020-09-23T19:46:54Z" finished-at="2020-09-23T19:47:02Z">
          <reporter-output>
          </reporter-output>
        </test-method> <!-- setUp -->
        <test-method status="PASS" signature="clickCheckOutTest()[pri:2, instance:com.yourlogo.testcases.AddToCartPageTest@5f341870]" name="clickCheckOutTest" duration-ms="2379" started-at="2020-09-23T19:47:02Z" finished-at="2020-09-23T19:47:04Z">
          <reporter-output>
          </reporter-output>
        </test-method> <!-- clickCheckOutTest -->
        <test-method status="PASS" signature="tearDown()[pri:0, instance:com.yourlogo.testcases.AddToCartPageTest@5f341870]" name="tearDown" is-config="true" duration-ms="882" started-at="2020-09-23T19:47:04Z" finished-at="2020-09-23T19:47:05Z">
          <reporter-output>
          </reporter-output>
        </test-method> <!-- tearDown -->
      </class> <!-- com.yourlogo.testcases.AddToCartPageTest -->
      <class name="com.yourlogo.testcases.AlreadyAccountPageTest">
        <test-method status="PASS" signature="setUp()[pri:0, instance:com.yourlogo.testcases.AlreadyAccountPageTest@14bf9759]" name="setUp" is-config="true" duration-ms="6647" started-at="2020-09-23T19:46:24Z" finished-at="2020-09-23T19:46:30Z">
          <reporter-output>
          </reporter-output>
        </test-method> <!-- setUp -->
        <test-method status="PASS" signature="checkAccountPageTest()[pri:1, instance:com.yourlogo.testcases.AlreadyAccountPageTest@14bf9759]" name="checkAccountPageTest" duration-ms="2502" started-at="2020-09-23T19:46:30Z" finished-at="2020-09-23T19:46:33Z">
          <reporter-output>
          </reporter-output>
        </test-method> <!-- checkAccountPageTest -->
        <test-method status="PASS" signature="tearDown()[pri:0, instance:com.yourlogo.testcases.AlreadyAccountPageTest@14bf9759]" name="tearDown" is-config="true" duration-ms="740" started-at="2020-09-23T19:46:33Z" finished-at="2020-09-23T19:46:34Z">
          <reporter-output>
          </reporter-output>
        </test-method> <!-- tearDown -->
        <test-method status="PASS" signature="setUp()[pri:0, instance:com.yourlogo.testcases.AlreadyAccountPageTest@14bf9759]" name="setUp" is-config="true" duration-ms="8810" started-at="2020-09-23T19:46:43Z" finished-at="2020-09-23T19:46:51Z">
          <reporter-output>
          </reporter-output>
        </test-method> <!-- setUp -->
        <test-method status="PASS" signature="BlankUnPwTest()[pri:2, instance:com.yourlogo.testcases.AlreadyAccountPageTest@14bf9759]" name="BlankUnPwTest" duration-ms="1810" started-at="2020-09-23T19:46:51Z" finished-at="2020-09-23T19:46:53Z">
          <reporter-output>
          </reporter-output>
        </test-method> <!-- BlankUnPwTest -->
        <test-method status="PASS" signature="tearDown()[pri:0, instance:com.yourlogo.testcases.AlreadyAccountPageTest@14bf9759]" name="tearDown" is-config="true" duration-ms="768" started-at="2020-09-23T19:46:53Z" finished-at="2020-09-23T19:46:54Z">
          <reporter-output>
          </reporter-output>
        </test-method> <!-- tearDown -->
        <test-method status="PASS" signature="setUp()[pri:0, instance:com.yourlogo.testcases.AlreadyAccountPageTest@14bf9759]" name="setUp" is-config="true" duration-ms="7770" started-at="2020-09-23T19:47:05Z" finished-at="2020-09-23T19:47:13Z">
          <reporter-output>
          </reporter-output>
        </test-method> <!-- setUp -->
        <test-method status="PASS" signature="WrongUnPwTest()[pri:3, instance:com.yourlogo.testcases.AlreadyAccountPageTest@14bf9759]" name="WrongUnPwTest" duration-ms="1934" started-at="2020-09-23T19:47:13Z" finished-at="2020-09-23T19:47:14Z">
          <reporter-output>
          </reporter-output>
        </test-method> <!-- WrongUnPwTest -->
        <test-method status="PASS" signature="tearDown()[pri:0, instance:com.yourlogo.testcases.AlreadyAccountPageTest@14bf9759]" name="tearDown" is-config="true" duration-ms="786" started-at="2020-09-23T19:47:14Z" finished-at="2020-09-23T19:47:15Z">
          <reporter-output>
          </reporter-output>
        </test-method> <!-- tearDown -->
        <test-method status="PASS" signature="setUp()[pri:0, instance:com.yourlogo.testcases.AlreadyAccountPageTest@14bf9759]" name="setUp" is-config="true" duration-ms="7381" started-at="2020-09-23T19:47:15Z" finished-at="2020-09-23T19:47:23Z">
          <reporter-output>
          </reporter-output>
        </test-method> <!-- setUp -->
        <test-method status="PASS" signature="signInTest()[pri:4, instance:com.yourlogo.testcases.AlreadyAccountPageTest@14bf9759]" name="signInTest" duration-ms="2199" started-at="2020-09-23T19:47:23Z" finished-at="2020-09-23T19:47:25Z">
          <reporter-output>
          </reporter-output>
        </test-method> <!-- signInTest -->
        <test-method status="PASS" signature="tearDown()[pri:0, instance:com.yourlogo.testcases.AlreadyAccountPageTest@14bf9759]" name="tearDown" is-config="true" duration-ms="1341" started-at="2020-09-23T19:47:25Z" finished-at="2020-09-23T19:47:26Z">
          <reporter-output>
          </reporter-output>
        </test-method> <!-- tearDown -->
      </class> <!-- com.yourlogo.testcases.AlreadyAccountPageTest -->
    </test> <!-- Test -->
  </suite> <!-- Suiterunner -->
</testng-results>
